Build started 9/27/2015 2:12:58 PM.
     1>Project "C:\Users\Jagmeet\documents\visual studio 2013\Projects\BoothSimulator\BoothSimulator\BoothSimulator.vcxproj" on node 2 (Build target(s)).
     1>ClCompile:
         C:\Program Files (x86)\Microsoft Visual Studio 12.0\VC\bin\CL.exe /c /ZI /nologo /W3 /WX- /sdl /Od /Oy- /D WIN32 /D _DEBUG /D _CONSOLE /D _LIB /D _UNICODE /D UNICODE /Gm /EHsc /RTC1 /MDd /GS /fp:precise /Zc:wchar_t /Zc:forScope /Yu"stdafx.h" /Fp"Debug\BoothSimulator.pch" /Fo"Debug\\" /Fd"Debug\vc120.pdb" /Gd /TP /analyze- /errorReport:prompt BoothSimulator.cpp
         BoothSimulator.cpp
     1>c:\users\jagmeet\documents\visual studio 2013\projects\boothsimulator\boothsimulator\boothsimulator.cpp(12): error C2065: 'b00100' : undeclared identifier
     1>c:\users\jagmeet\documents\visual studio 2013\projects\boothsimulator\boothsimulator\boothsimulator.cpp(13): error C2065: 'b00010' : undeclared identifier
     1>Done Building Project "C:\Users\Jagmeet\documents\visual studio 2013\Projects\BoothSimulator\BoothSimulator\BoothSimulator.vcxproj" (Build target(s)) -- FAILED.

Build FAILED.

Time Elapsed 00:00:00.53
