Build started 2/14/2016 12:41:34 PM.
     1>Project "C:\Users\Jagmeet\documents\visual studio 2013\Projects\EightPuzzle3\EightPuzzle3\EightPuzzle3.vcxproj" on node 2 (Build target(s)).
     1>Link:
         C:\Program Files (x86)\Microsoft Visual Studio 12.0\VC\bin\link.exe /ERRORREPORT:PROMPT /OUT:"C:\Users\Jagmeet\documents\visual studio 2013\Projects\EightPuzzle3\Debug\EightPuzzle3.exe" /INCREMENTAL /NOLOGO kernel32.lib user32.lib gdi32.lib winspool.lib comdlg32.lib advapi32.lib shell32.lib ole32.lib oleaut32.lib uuid.lib odbc32.lib odbccp32.lib /MANIFEST /MANIFESTUAC:"level='asInvoker' uiAccess='false'" /manifest:embed /DEBUG /PDB:"C:\Users\Jagmeet\documents\visual studio 2013\Projects\EightPuzzle3\Debug\EightPuzzle3.pdb" /SUBSYSTEM:CONSOLE /TLBID:1 /DYNAMICBASE /NXCOMPAT /IMPLIB:"C:\Users\Jagmeet\documents\visual studio 2013\Projects\EightPuzzle3\Debug\EightPuzzle3.lib" /MACHINE:X86 Debug\EightPuzzle3.obj
         Debug\stdafx.obj
     1>LINK : fatal error LNK1168: cannot open C:\Users\Jagmeet\documents\visual studio 2013\Projects\EightPuzzle3\Debug\EightPuzzle3.exe for writing
     1>Done Building Project "C:\Users\Jagmeet\documents\visual studio 2013\Projects\EightPuzzle3\EightPuzzle3\EightPuzzle3.vcxproj" (Build target(s)) -- FAILED.

Build FAILED.

Time Elapsed 00:00:01.39
